[ 2023-08-29 20:02:03,018 ] 33 root - INFO - Data Ingestion methods Starts
[ 2023-08-29 20:02:03,063 ] 38 root - INFO - Dataset read as pandas Dataframe
[ 2023-08-29 20:02:03,063 ] 40 root - INFO - Conversion of the Date_of_Journey column started
[ 2023-08-29 20:02:03,077 ] 46 root - INFO - Conversion of the Date_of_Journey column Eded
[ 2023-08-29 20:02:03,077 ] 49 root - INFO - Conversion of the Dep_hour column started
[ 2023-08-29 20:02:03,176 ] 56 root - INFO - Conversion of the Dep_hour column Ended
[ 2023-08-29 20:02:03,292 ] 64 root - INFO - Droping of the unwanted columns and duplicate records started
[ 2023-08-29 20:02:03,308 ] 68 root - INFO - Droping of the unwanted columns and duplicate records Ended
[ 2023-08-29 20:02:03,386 ] 74 root - INFO - Train test split
[ 2023-08-29 20:02:03,479 ] 86 root - INFO - Ingestion of Data is completed
[ 2023-08-29 20:02:03,507 ] 84 root - INFO - Read train and test data completed
[ 2023-08-29 20:02:03,518 ] 85 root - INFO - Train Dataframe Head : 
             Airline   Source Destination Total_Stops  Price  Day  Month  Year  Dep_hour  Dep_min  Arival_hour  Arival_min  Trveling_hour  Trveling_min
0        Jet Airways   Mumbai   Hyderabad    non-stop   8040   27      6  2019        10       20           11          50              1          30.0
1           SpiceJet  Kolkata    Banglore    non-stop   3873   21      6  2019        17       10           19          40              2          30.0
2  Multiple carriers    Delhi      Cochin      1 stop  13377   27      5  2019        15        0            1          30             10          30.0
3           Air Asia  Kolkata    Banglore      1 stop   5192    9      5  2019        22       40           10          40             12           NaN
4          Air India    Delhi      Cochin     2 stops   9968    9      6  2019        19       45           19          15             23          30.0
[ 2023-08-29 20:02:03,528 ] 86 root - INFO - Test Dataframe Head  : 
             Airline   Source Destination Total_Stops  Price  Day  Month  Year  Dep_hour  Dep_min  Arival_hour  Arival_min  Trveling_hour  Trveling_min
0  Multiple carriers    Delhi      Cochin     2 stops  16655   21      5  2019        15        5            1          30             10          25.0
1              GoAir    Delhi      Cochin      1 stop   4959    3      6  2019        10       35           19          35              9           NaN
2            Vistara  Kolkata    Banglore      1 stop   9187    9      5  2019        20       20            9           5             12          45.0
3             IndiGo  Chennai     Kolkata    non-stop   3858   24      5  2019        14       45           17           5              2          20.0
4        Jet Airways    Delhi      Cochin      1 stop  12898   21      5  2019        22       50            4          25              5          35.0
[ 2023-08-29 20:02:03,528 ] 88 root - INFO - Obtaining preprocessing object
[ 2023-08-29 20:02:03,528 ] 35 root - INFO - Data Transformation initiated
[ 2023-08-29 20:02:03,529 ] 43 root - INFO - Pipeline Initiated
[ 2023-08-29 20:02:03,591 ] 107 root - INFO - Applying preprocessing object on training and testing datasets.
[ 2023-08-29 20:02:03,594 ] 120 root - INFO - Preprocessor pickle file saved
[ 2023-08-29 20:02:03,594 ] 32 root - INFO - Splitting Dependent and Independent variables from train and test data
[ 2023-08-29 20:02:09,596 ] 56 root - INFO - Model Report : {'LinearRegression': 0.6270269765635014, 'Lasso': 0.6270481517474533, 'Ridge': 0.627041399834557, 'Elasticnet': 0.5980420115628875, 'DecisionTree': 0.7166404431524145, 'RandomForest': 0.8087755343074511}
[ 2023-08-29 20:02:09,596 ] 69 root - INFO - Best Model Found , Model Name : RandomForest , R2 Score : 0.8087755343074511
